[0.031s] Invoking command in '/home/mac/Desktop/conti_ws/build/conti_ars430_viz': CMAKE_PREFIX_PATH=/home/mac/Desktop/conti_ws/install/conti_ars430_ros2_msgs:/home/mac/Desktop/conti_ws/install/radar_msgs:/home/mac/Desktop/conti_ws/install/conti_ars430_ros2:/home/mac/Desktop/su25/turtlebot4_ws/install/turtlebot4_simulator:/home/mac/Desktop/su25/turtlebot4_ws/install/turtlebot4_ignition_bringup:/home/mac/Desktop/su25/turtlebot4_ws/install/turtlebot4_ignition_toolbox:/home/mac/Desktop/su25/turtlebot4_ws/install/turtlebot4_ignition_gui_plugins:/home/mac/Desktop/su25/turtlebot4_ws/install/ros_vrpn_client:/home/mac/Desktop/su25/turtlebot4_ws/install/parking_demo:/home/mac/Desktop/su25/turtlebot4_ws/install/object_detection:/home/mac/Desktop/su25/turtlebot4_ws/install/leader_follower_demo:/opt/ros/humble LD_LIBRARY_PATH=/home/mac/Desktop/conti_ws/install/conti_ars430_ros2_msgs/lib:/home/mac/Desktop/conti_ws/install/radar_msgs/lib:/opt/ros/humble/opt/rviz_ogre_vendor/lib:/opt/ros/humble/lib/x86_64-linux-gnu:/opt/ros/humble/lib /home/mac/.local/bin/cmake --build /home/mac/Desktop/conti_ws/build/conti_ars430_viz -- -j8 -l8
[0.132s] [ 50%] [32mBuilding CXX object CMakeFiles/visualizer.dir/src/conti_ars430_visualizer.cpp.o[0m
[1.735s] [01m[K/home/mac/Desktop/conti_ws/src/conti_ars430_viz/src/conti_ars430_visualizer.cpp:[m[K In member function â€˜[01m[Kvoid RadarVisualizer::topic_callback(conti_ars430_ros2_msgs::msg::RadarDetectionImage_<std::allocator<void> >::SharedPtr)[m[Kâ€™:
[1.735s] [01m[K/home/mac/Desktop/conti_ws/src/conti_ars430_viz/src/conti_ars430_visualizer.cpp:28:9:[m[K [01;31m[Kerror: [m[Kexpected â€˜[01m[K;[m[Kâ€™ before â€˜[01m[Krange[m[Kâ€™
[1.735s]    28 |         [01;31m[Krange[m[K.clear();
[1.735s]       |         [01;31m[K^~~~~[m[K
[3.427s] gmake[2]: *** [CMakeFiles/visualizer.dir/build.make:79: CMakeFiles/visualizer.dir/src/conti_ars430_visualizer.cpp.o] Error 1
[3.427s] gmake[1]: *** [CMakeFiles/Makefile2:153: CMakeFiles/visualizer.dir/all] Error 2
[3.427s] gmake: *** [Makefile:146: all] Error 2
[3.429s] Invoked command in '/home/mac/Desktop/conti_ws/build/conti_ars430_viz' returned '2': CMAKE_PREFIX_PATH=/home/mac/Desktop/conti_ws/install/conti_ars430_ros2_msgs:/home/mac/Desktop/conti_ws/install/radar_msgs:/home/mac/Desktop/conti_ws/install/conti_ars430_ros2:/home/mac/Desktop/su25/turtlebot4_ws/install/turtlebot4_simulator:/home/mac/Desktop/su25/turtlebot4_ws/install/turtlebot4_ignition_bringup:/home/mac/Desktop/su25/turtlebot4_ws/install/turtlebot4_ignition_toolbox:/home/mac/Desktop/su25/turtlebot4_ws/install/turtlebot4_ignition_gui_plugins:/home/mac/Desktop/su25/turtlebot4_ws/install/ros_vrpn_client:/home/mac/Desktop/su25/turtlebot4_ws/install/parking_demo:/home/mac/Desktop/su25/turtlebot4_ws/install/object_detection:/home/mac/Desktop/su25/turtlebot4_ws/install/leader_follower_demo:/opt/ros/humble LD_LIBRARY_PATH=/home/mac/Desktop/conti_ws/install/conti_ars430_ros2_msgs/lib:/home/mac/Desktop/conti_ws/install/radar_msgs/lib:/opt/ros/humble/opt/rviz_ogre_vendor/lib:/opt/ros/humble/lib/x86_64-linux-gnu:/opt/ros/humble/lib /home/mac/.local/bin/cmake --build /home/mac/Desktop/conti_ws/build/conti_ars430_viz -- -j8 -l8
