[ 50%] [32mBuilding CXX object CMakeFiles/visualizer.dir/src/conti_ars430_visualizer.cpp.o[0m
[01m[K/home/mac/Desktop/conti_ws/src/conti_ars430_viz/src/conti_ars430_visualizer.cpp:[m[K In member function â€˜[01m[Kvoid RadarVisualizer::topic_callback(conti_ars430_ros2_msgs::msg::RadarDetectionImage_<std::allocator<void> >::SharedPtr)[m[Kâ€™:
[01m[K/home/mac/Desktop/conti_ws/src/conti_ars430_viz/src/conti_ars430_visualizer.cpp:27:27:[m[K [01;31m[Kerror: [m[Kâ€˜[01m[Kusing element_type = struct conti_ars430_ros2_msgs::msg::RadarDetectionImage_<std::allocator<void> >[m[Kâ€™ {aka â€˜[01m[Kstruct conti_ars430_ros2_msgs::msg::RadarDetectionImage_<std::allocator<void> >[m[Kâ€™} has no member named â€˜[01m[KRadarDetectionImage[m[Kâ€™; did you mean â€˜[01m[KRadarDetectionImage_[m[Kâ€™?
   27 |         detections = msg->[01;31m[KRadarDetectionImage[m[K
      |                           [01;31m[K^~~~~~~~~~~~~~~~~~~[m[K
      |                           [32m[KRadarDetectionImage_[m[K
gmake[2]: *** [CMakeFiles/visualizer.dir/build.make:79: CMakeFiles/visualizer.dir/src/conti_ars430_visualizer.cpp.o] Error 1
gmake[1]: *** [CMakeFiles/Makefile2:153: CMakeFiles/visualizer.dir/all] Error 2
gmake: *** [Makefile:146: all] Error 2
